<?xml version="1.0" encoding="UTF-8"?>
<TestRun id="00988119-6bc2-44b6-be44-5de5a68a19b3" name="chen@CHEN-PC 2012-06-03 16:04:04" runUser="chen-PC\chen" xmlns="http://microsoft.com/schemas/VisualStudio/TeamTest/2010">
  <TestSettings name="本地" id="5213b215-985d-4947-814a-2d78c79e8260">
    <Description>这些设置为本地测试运行的默认测试设置。</Description>
    <Deployment enabled="false" runDeploymentRoot="chen_CHEN-PC 2012-06-03 16_04_04">
      <DeploymentItem filename="F:\C#编程\TeachingSystem\shareLibs\log4net.dll" />
      <DeploymentItem filename="F:\C#编程\TeachingSystem\TeachingSystem.Data\shareLibs\NHibernate.dll" />
      <DeploymentItem filename="F:\C#编程\TeachingSystem\shareLibs\Castle.Core.dll" />
      <DeploymentItem filename="F:\C#编程\TeachingSystem\TeachingSystem.Data\bin\Debug\teachingSystemData.dll" />
      <DeploymentItem filename="F:\C#编程\TeachingSystem\TeachingSystem.Domain\bin\Debug\TeachingSystem.Domain.dll" />
      <DeploymentItem filename="F:\C#编程\TeachingSystem\shareLibs\antlr.runtime.dll" />
      <DeploymentItem filename="F:\C#编程\TeachingSystem\shareLibs\Iesi.Collections.dll" />
      <DeploymentItem filename="F:\C#编程\TeachingSystem\TeachingSystem.Data\shareLibs\NHibernate.ByteCode.Castle.dll" />
    </Deployment>
    <Execution>
      <TestTypeSpecific />
      <AgentRule name="Execution Agents">
      </AgentRule>
    </Execution>
  </TestSettings>
  <Times creation="2012-06-03T16:04:04.7688626+08:00" queuing="2012-06-03T16:04:04.8258658+08:00" start="2012-06-03T16:04:04.8348664+08:00" finish="2012-06-03T16:04:06.6849722+08:00" />
  <ResultSummary outcome="Failed">
    <Counters total="4" executed="4" passed="3" error="0" failed="1" timeout="0" aborted="0" inconclusive="0" passedButRunAborted="0" notRunnable="0" notExecuted="0" disconnected="0" warning="0" completed="0" inProgress="0" pending="0" />
  </ResultSummary>
  <TestDefinitions>
    <UnitTest name="ConnectToCourseTest" storage="f:\c#编程\teachingsystem\teachingsystem.data.test\bin\debug\teachingsystem.data.test.dll" id="b1a666e1-f67d-c091-a983-609cdd978271">
      <Execution id="ea17fbf8-5cc6-4f9f-9c52-859484a547d7" />
      <TestMethod codeBase="F:/C#编程/TeachingSystem/TeachingSystem.Data.Test/bin/Debug/TeachingSystem.Data.Test.DLL" adapterTypeName="Microsoft.VisualStudio.TestTools.TestTypes.Unit.UnitTestAdapter, Microsoft.VisualStudio.QualityTools.Tips.UnitTest.Adapter, Version=10.0.0.0, Culture=neutral, PublicKeyToken=b03f5f7f11d50a3a" className="TeachingSystem.Data.Test.UserDataTest, TeachingSystem.Data.Test, Version=1.0.0.0, Culture=neutral, PublicKeyToken=null" name="ConnectToCourseTest" />
    </UnitTest>
    <UnitTest name="ConnectToTime" storage="f:\c#编程\teachingsystem\teachingsystem.data.test\bin\debug\teachingsystem.data.test.dll" id="d12408a5-009a-0883-cff6-e73f9fc2300a">
      <Execution id="e3383f1a-ec20-4133-bf7e-44ac7a371102" />
      <TestMethod codeBase="F:/C#编程/TeachingSystem/TeachingSystem.Data.Test/bin/Debug/TeachingSystem.Data.Test.DLL" adapterTypeName="Microsoft.VisualStudio.TestTools.TestTypes.Unit.UnitTestAdapter, Microsoft.VisualStudio.QualityTools.Tips.UnitTest.Adapter, Version=10.0.0.0, Culture=neutral, PublicKeyToken=b03f5f7f11d50a3a" className="TeachingSystem.Data.Test.UserDataTest, TeachingSystem.Data.Test, Version=1.0.0.0, Culture=neutral, PublicKeyToken=null" name="ConnectToTime" />
    </UnitTest>
    <UnitTest name="dataBaseConnectTest" storage="f:\c#编程\teachingsystem\teachingsystem.data.test\bin\debug\teachingsystem.data.test.dll" id="610c62ce-2622-16d3-2b0f-c7e338df05d4">
      <Execution id="d73ba7c5-08c8-4ff9-a226-9b62eea7fc64" />
      <TestMethod codeBase="F:/C#编程/TeachingSystem/TeachingSystem.Data.Test/bin/Debug/TeachingSystem.Data.Test.DLL" adapterTypeName="Microsoft.VisualStudio.TestTools.TestTypes.Unit.UnitTestAdapter, Microsoft.VisualStudio.QualityTools.Tips.UnitTest.Adapter, Version=10.0.0.0, Culture=neutral, PublicKeyToken=b03f5f7f11d50a3a" className="TeachingSystem.Data.Test.UserDataTest, TeachingSystem.Data.Test, Version=1.0.0.0, Culture=neutral, PublicKeyToken=null" name="dataBaseConnectTest" />
    </UnitTest>
    <UnitTest name="ConnectToCompleteCourse" storage="f:\c#编程\teachingsystem\teachingsystem.data.test\bin\debug\teachingsystem.data.test.dll" id="3edede1e-bfa1-d746-b05d-1ff18667edaf">
      <Execution id="19f22331-94f9-4c4b-b2f8-9636522c2092" />
      <TestMethod codeBase="F:/C#编程/TeachingSystem/TeachingSystem.Data.Test/bin/Debug/TeachingSystem.Data.Test.DLL" adapterTypeName="Microsoft.VisualStudio.TestTools.TestTypes.Unit.UnitTestAdapter, Microsoft.VisualStudio.QualityTools.Tips.UnitTest.Adapter, Version=10.0.0.0, Culture=neutral, PublicKeyToken=b03f5f7f11d50a3a" className="TeachingSystem.Data.Test.UserDataTest, TeachingSystem.Data.Test, Version=1.0.0.0, Culture=neutral, PublicKeyToken=null" name="ConnectToCompleteCourse" />
    </UnitTest>
  </TestDefinitions>
  <TestLists>
    <TestList name="列表中未列出的结果" id="8c84fa94-04c1-424b-9868-57a2d4851a1d" />
    <TestList name="所有已加载的结果" id="19431567-8539-422a-85d7-44ee4e166bda" />
  </TestLists>
  <TestEntries>
    <TestEntry testId="3edede1e-bfa1-d746-b05d-1ff18667edaf" executionId="19f22331-94f9-4c4b-b2f8-9636522c2092" testListId="8c84fa94-04c1-424b-9868-57a2d4851a1d" />
    <TestEntry testId="610c62ce-2622-16d3-2b0f-c7e338df05d4" executionId="d73ba7c5-08c8-4ff9-a226-9b62eea7fc64" testListId="8c84fa94-04c1-424b-9868-57a2d4851a1d" />
    <TestEntry testId="b1a666e1-f67d-c091-a983-609cdd978271" executionId="ea17fbf8-5cc6-4f9f-9c52-859484a547d7" testListId="8c84fa94-04c1-424b-9868-57a2d4851a1d" />
    <TestEntry testId="d12408a5-009a-0883-cff6-e73f9fc2300a" executionId="e3383f1a-ec20-4133-bf7e-44ac7a371102" testListId="8c84fa94-04c1-424b-9868-57a2d4851a1d" />
  </TestEntries>
  <Results>
    <UnitTestResult executionId="19f22331-94f9-4c4b-b2f8-9636522c2092" testId="3edede1e-bfa1-d746-b05d-1ff18667edaf" testName="ConnectToCompleteCourse" computerName="CHEN-PC" duration="00:00:01.4291575" startTime="2012-06-03T16:04:04.8558676+08:00" endTime="2012-06-03T16:04:06.5239630+08:00" testType="13cdc9d9-ddb5-4fa4-a97d-d965ccfc6d4b" outcome="Failed" testListId="8c84fa94-04c1-424b-9868-57a2d4851a1d" relativeResultsDirectory="19f22331-94f9-4c4b-b2f8-9636522c2092">
      <Output>
        <ErrorInfo>
          <Message>测试方法 TeachingSystem.Data.Test.UserDataTest.ConnectToCompleteCourse 引发了异常: 
NHibernate.Exceptions.GenericADOException: could not load an entity: [TeachingSystem.Domain.Entities.CompleteCourse#0][SQL: SELECT completeco0_.Index as Index3_0_, completeco0_.Account as Account3_0_, completeco0_.Number as Number3_0_, completeco0_.CourseName as CourseName3_0_, completeco0_.Score as Score3_0_ FROM completecourse completeco0_ WHERE completeco0_.Index=?] ---&gt; MySql.Data.MySqlClient.MySqlException: Unknown column 'completeco0_.CourseName' in 'field list'</Message>
          <StackTrace>    在 MySql.Data.MySqlClient.MySqlStream.ReadPacket()
   在 MySql.Data.MySqlClient.NativeDriver.GetResult(Int32&amp; affectedRow, Int32&amp; insertedId)
   在 MySql.Data.MySqlClient.Driver.GetResult(Int32 statementId, Int32&amp; affectedRows, Int32&amp; insertedId)
   在 MySql.Data.MySqlClient.Driver.NextResult(Int32 statementId, Boolean force)
   在 MySql.Data.MySqlClient.MySqlDataReader.NextResult()
   在 MySql.Data.MySqlClient.MySqlCommand.ExecuteReader(CommandBehavior behavior)
   在 MySql.Data.MySqlClient.MySqlCommand.ExecuteDbDataReader(CommandBehavior behavior)
   在 System.Data.Common.DbCommand.System.Data.IDbCommand.ExecuteReader()
   在 NHibernate.AdoNet.AbstractBatcher.ExecuteReader(IDbCommand cmd)
   在 NHibernate.Loader.Loader.GetResultSet(IDbCommand st, Boolean autoDiscoverTypes, Boolean callable, RowSelection selection, ISessionImplementor session)
   在 NHibernate.Loader.Loader.DoQuery(ISessionImplementor session, QueryParameters queryParameters, Boolean returnProxies)
   在 NHibernate.Loader.Loader.DoQueryAndInitializeNonLazyCollections(ISessionImplementor session, QueryParameters queryParameters, Boolean returnProxies)
   在 NHibernate.Loader.Loader.LoadEntity(ISessionImplementor session, Object id, IType identifierType, Object optionalObject, String optionalEntityName, Object optionalIdentifier, IEntityPersister persister)
 --- 内部异常堆栈跟踪的末尾 ---
    在 NHibernate.Loader.Loader.LoadEntity(ISessionImplementor session, Object id, IType identifierType, Object optionalObject, String optionalEntityName, Object optionalIdentifier, IEntityPersister persister)
   在 NHibernate.Loader.Entity.AbstractEntityLoader.Load(ISessionImplementor session, Object id, Object optionalObject, Object optionalId)
   在 NHibernate.Loader.Entity.AbstractEntityLoader.Load(Object id, Object optionalObject, ISessionImplementor session)
   在 NHibernate.Persister.Entity.AbstractEntityPersister.Load(Object id, Object optionalObject, LockMode lockMode, ISessionImplementor session)
   在 NHibernate.Event.Default.DefaultLoadEventListener.LoadFromDatasource(LoadEvent event, IEntityPersister persister, EntityKey keyToLoad, LoadType options)
   在 NHibernate.Event.Default.DefaultLoadEventListener.DoLoad(LoadEvent event, IEntityPersister persister, EntityKey keyToLoad, LoadType options)
   在 NHibernate.Event.Default.DefaultLoadEventListener.Load(LoadEvent event, IEntityPersister persister, EntityKey keyToLoad, LoadType options)
   在 NHibernate.Event.Default.DefaultLoadEventListener.ProxyOrLoad(LoadEvent event, IEntityPersister persister, EntityKey keyToLoad, LoadType options)
   在 NHibernate.Event.Default.DefaultLoadEventListener.OnLoad(LoadEvent event, LoadType loadType)
   在 NHibernate.Impl.SessionImpl.FireLoad(LoadEvent event, LoadType loadType)
   在 NHibernate.Impl.SessionImpl.Get(String entityName, Object id)
   在 NHibernate.Impl.SessionImpl.Get(Type entityClass, Object id)
   在 NHibernate.Impl.SessionImpl.Get[T](Object id)
   在 TeachingSystem.Data.NHibernateData.GetCompleteCourseDataByNum(String number) 位置 F:\C#编程\TeachingSystem\TeachingSystem.Data\NHibernateData.cs:行号 27
   在 TeachingSystem.Data.Test.UserDataTest.ConnectToCompleteCourse() 位置 F:\C#编程\TeachingSystem\TeachingSystem.Data.Test\UserDataTest.cs:行号 96
</StackTrace>
        </ErrorInfo>
      </Output>
    </UnitTestResult>
    <UnitTestResult executionId="d73ba7c5-08c8-4ff9-a226-9b62eea7fc64" testId="610c62ce-2622-16d3-2b0f-c7e338df05d4" testName="dataBaseConnectTest" computerName="CHEN-PC" duration="00:00:00.0398605" startTime="2012-06-03T16:04:06.5319634+08:00" endTime="2012-06-03T16:04:06.5819663+08:00" testType="13cdc9d9-ddb5-4fa4-a97d-d965ccfc6d4b" outcome="Passed" testListId="8c84fa94-04c1-424b-9868-57a2d4851a1d" relativeResultsDirectory="d73ba7c5-08c8-4ff9-a226-9b62eea7fc64">
    </UnitTestResult>
    <UnitTestResult executionId="ea17fbf8-5cc6-4f9f-9c52-859484a547d7" testId="b1a666e1-f67d-c091-a983-609cdd978271" testName="ConnectToCourseTest" computerName="CHEN-PC" duration="00:00:00.0196612" startTime="2012-06-03T16:04:06.5929669+08:00" endTime="2012-06-03T16:04:06.6219686+08:00" testType="13cdc9d9-ddb5-4fa4-a97d-d965ccfc6d4b" outcome="Passed" testListId="8c84fa94-04c1-424b-9868-57a2d4851a1d" relativeResultsDirectory="ea17fbf8-5cc6-4f9f-9c52-859484a547d7">
    </UnitTestResult>
    <UnitTestResult executionId="e3383f1a-ec20-4133-bf7e-44ac7a371102" testId="d12408a5-009a-0883-cff6-e73f9fc2300a" testName="ConnectToTime" computerName="CHEN-PC" duration="00:00:00.0157026" startTime="2012-06-03T16:04:06.6259688+08:00" endTime="2012-06-03T16:04:06.6459700+08:00" testType="13cdc9d9-ddb5-4fa4-a97d-d965ccfc6d4b" outcome="Passed" testListId="8c84fa94-04c1-424b-9868-57a2d4851a1d" relativeResultsDirectory="e3383f1a-ec20-4133-bf7e-44ac7a371102">
    </UnitTestResult>
  </Results>
</TestRun>