<?xml version="1.0" encoding="UTF-8"?>
<TestRun id="1af2be2a-558b-440a-8ec3-a4cb87f1ff7e" name="chen@CHEN-PC 2012-06-03 16:05:07" runUser="chen-PC\chen" xmlns="http://microsoft.com/schemas/VisualStudio/TeamTest/2010">
  <TestSettings name="本地" id="5213b215-985d-4947-814a-2d78c79e8260">
    <Description>这些设置为本地测试运行的默认测试设置。</Description>
    <Deployment enabled="false" runDeploymentRoot="chen_CHEN-PC 2012-06-03 16_05_07">
      <DeploymentItem filename="F:\C#编程\TeachingSystem\shareLibs\log4net.dll" />
      <DeploymentItem filename="F:\C#编程\TeachingSystem\TeachingSystem.Data\shareLibs\NHibernate.dll" />
      <DeploymentItem filename="F:\C#编程\TeachingSystem\shareLibs\Castle.Core.dll" />
      <DeploymentItem filename="F:\C#编程\TeachingSystem\TeachingSystem.Data\bin\Debug\teachingSystemData.dll" />
      <DeploymentItem filename="F:\C#编程\TeachingSystem\TeachingSystem.Domain\bin\Debug\TeachingSystem.Domain.dll" />
      <DeploymentItem filename="F:\C#编程\TeachingSystem\shareLibs\antlr.runtime.dll" />
      <DeploymentItem filename="F:\C#编程\TeachingSystem\shareLibs\Iesi.Collections.dll" />
      <DeploymentItem filename="F:\C#编程\TeachingSystem\TeachingSystem.Data\shareLibs\NHibernate.ByteCode.Castle.dll" />
    </Deployment>
    <Execution>
      <TestTypeSpecific />
      <AgentRule name="Execution Agents">
      </AgentRule>
    </Execution>
  </TestSettings>
  <Times creation="2012-06-03T16:05:07.2624370+08:00" queuing="2012-06-03T16:05:07.2964390+08:00" start="2012-06-03T16:05:07.3414415+08:00" finish="2012-06-03T16:05:09.2215491+08:00" />
  <ResultSummary outcome="Completed">
    <Counters total="4" executed="4" passed="4" error="0" failed="0" timeout="0" aborted="0" inconclusive="0" passedButRunAborted="0" notRunnable="0" notExecuted="0" disconnected="0" warning="0" completed="0" inProgress="0" pending="0" />
  </ResultSummary>
  <TestDefinitions>
    <UnitTest name="ConnectToCourseTest" storage="f:\c#编程\teachingsystem\teachingsystem.data.test\bin\debug\teachingsystem.data.test.dll" id="b1a666e1-f67d-c091-a983-609cdd978271">
      <Execution id="05b8d979-1c92-42ca-bc77-f16f86057d58" />
      <TestMethod codeBase="F:/C#编程/TeachingSystem/TeachingSystem.Data.Test/bin/Debug/TeachingSystem.Data.Test.DLL" adapterTypeName="Microsoft.VisualStudio.TestTools.TestTypes.Unit.UnitTestAdapter, Microsoft.VisualStudio.QualityTools.Tips.UnitTest.Adapter, Version=10.0.0.0, Culture=neutral, PublicKeyToken=b03f5f7f11d50a3a" className="TeachingSystem.Data.Test.UserDataTest, TeachingSystem.Data.Test, Version=1.0.0.0, Culture=neutral, PublicKeyToken=null" name="ConnectToCourseTest" />
    </UnitTest>
    <UnitTest name="ConnectToTime" storage="f:\c#编程\teachingsystem\teachingsystem.data.test\bin\debug\teachingsystem.data.test.dll" id="d12408a5-009a-0883-cff6-e73f9fc2300a">
      <Execution id="3e198cc4-1e8f-41a8-a267-6419ba75ebbf" />
      <TestMethod codeBase="F:/C#编程/TeachingSystem/TeachingSystem.Data.Test/bin/Debug/TeachingSystem.Data.Test.DLL" adapterTypeName="Microsoft.VisualStudio.TestTools.TestTypes.Unit.UnitTestAdapter, Microsoft.VisualStudio.QualityTools.Tips.UnitTest.Adapter, Version=10.0.0.0, Culture=neutral, PublicKeyToken=b03f5f7f11d50a3a" className="TeachingSystem.Data.Test.UserDataTest, TeachingSystem.Data.Test, Version=1.0.0.0, Culture=neutral, PublicKeyToken=null" name="ConnectToTime" />
    </UnitTest>
    <UnitTest name="dataBaseConnectTest" storage="f:\c#编程\teachingsystem\teachingsystem.data.test\bin\debug\teachingsystem.data.test.dll" id="610c62ce-2622-16d3-2b0f-c7e338df05d4">
      <Execution id="4b28f22a-7f9e-4a5c-bd2e-97c0659fd9de" />
      <TestMethod codeBase="F:/C#编程/TeachingSystem/TeachingSystem.Data.Test/bin/Debug/TeachingSystem.Data.Test.DLL" adapterTypeName="Microsoft.VisualStudio.TestTools.TestTypes.Unit.UnitTestAdapter, Microsoft.VisualStudio.QualityTools.Tips.UnitTest.Adapter, Version=10.0.0.0, Culture=neutral, PublicKeyToken=b03f5f7f11d50a3a" className="TeachingSystem.Data.Test.UserDataTest, TeachingSystem.Data.Test, Version=1.0.0.0, Culture=neutral, PublicKeyToken=null" name="dataBaseConnectTest" />
    </UnitTest>
    <UnitTest name="ConnectToCompleteCourse" storage="f:\c#编程\teachingsystem\teachingsystem.data.test\bin\debug\teachingsystem.data.test.dll" id="3edede1e-bfa1-d746-b05d-1ff18667edaf">
      <Execution id="92fbb5da-bac4-45d4-b68a-928ff1bced10" />
      <TestMethod codeBase="F:/C#编程/TeachingSystem/TeachingSystem.Data.Test/bin/Debug/TeachingSystem.Data.Test.DLL" adapterTypeName="Microsoft.VisualStudio.TestTools.TestTypes.Unit.UnitTestAdapter, Microsoft.VisualStudio.QualityTools.Tips.UnitTest.Adapter, Version=10.0.0.0, Culture=neutral, PublicKeyToken=b03f5f7f11d50a3a" className="TeachingSystem.Data.Test.UserDataTest, TeachingSystem.Data.Test, Version=1.0.0.0, Culture=neutral, PublicKeyToken=null" name="ConnectToCompleteCourse" />
    </UnitTest>
  </TestDefinitions>
  <TestLists>
    <TestList name="列表中未列出的结果" id="8c84fa94-04c1-424b-9868-57a2d4851a1d" />
    <TestList name="所有已加载的结果" id="19431567-8539-422a-85d7-44ee4e166bda" />
  </TestLists>
  <TestEntries>
    <TestEntry testId="3edede1e-bfa1-d746-b05d-1ff18667edaf" executionId="92fbb5da-bac4-45d4-b68a-928ff1bced10" testListId="8c84fa94-04c1-424b-9868-57a2d4851a1d" />
    <TestEntry testId="610c62ce-2622-16d3-2b0f-c7e338df05d4" executionId="4b28f22a-7f9e-4a5c-bd2e-97c0659fd9de" testListId="8c84fa94-04c1-424b-9868-57a2d4851a1d" />
    <TestEntry testId="b1a666e1-f67d-c091-a983-609cdd978271" executionId="05b8d979-1c92-42ca-bc77-f16f86057d58" testListId="8c84fa94-04c1-424b-9868-57a2d4851a1d" />
    <TestEntry testId="d12408a5-009a-0883-cff6-e73f9fc2300a" executionId="3e198cc4-1e8f-41a8-a267-6419ba75ebbf" testListId="8c84fa94-04c1-424b-9868-57a2d4851a1d" />
  </TestEntries>
  <Results>
    <UnitTestResult executionId="92fbb5da-bac4-45d4-b68a-928ff1bced10" testId="3edede1e-bfa1-d746-b05d-1ff18667edaf" testName="ConnectToCompleteCourse" computerName="CHEN-PC" duration="00:00:01.4267333" startTime="2012-06-03T16:05:07.3444417+08:00" endTime="2012-06-03T16:05:09.0795409+08:00" testType="13cdc9d9-ddb5-4fa4-a97d-d965ccfc6d4b" outcome="Passed" testListId="8c84fa94-04c1-424b-9868-57a2d4851a1d" relativeResultsDirectory="92fbb5da-bac4-45d4-b68a-928ff1bced10">
    </UnitTestResult>
    <UnitTestResult executionId="4b28f22a-7f9e-4a5c-bd2e-97c0659fd9de" testId="610c62ce-2622-16d3-2b0f-c7e338df05d4" testName="dataBaseConnectTest" computerName="CHEN-PC" duration="00:00:00.0193303" startTime="2012-06-03T16:05:09.0825411+08:00" endTime="2012-06-03T16:05:09.1325440+08:00" testType="13cdc9d9-ddb5-4fa4-a97d-d965ccfc6d4b" outcome="Passed" testListId="8c84fa94-04c1-424b-9868-57a2d4851a1d" relativeResultsDirectory="4b28f22a-7f9e-4a5c-bd2e-97c0659fd9de">
    </UnitTestResult>
    <UnitTestResult executionId="05b8d979-1c92-42ca-bc77-f16f86057d58" testId="b1a666e1-f67d-c091-a983-609cdd978271" testName="ConnectToCourseTest" computerName="CHEN-PC" duration="00:00:00.0157282" startTime="2012-06-03T16:05:09.1345441+08:00" endTime="2012-06-03T16:05:09.1575454+08:00" testType="13cdc9d9-ddb5-4fa4-a97d-d965ccfc6d4b" outcome="Passed" testListId="8c84fa94-04c1-424b-9868-57a2d4851a1d" relativeResultsDirectory="05b8d979-1c92-42ca-bc77-f16f86057d58">
    </UnitTestResult>
    <UnitTestResult executionId="3e198cc4-1e8f-41a8-a267-6419ba75ebbf" testId="d12408a5-009a-0883-cff6-e73f9fc2300a" testName="ConnectToTime" computerName="CHEN-PC" duration="00:00:00.0154704" startTime="2012-06-03T16:05:09.1605456+08:00" endTime="2012-06-03T16:05:09.1825468+08:00" testType="13cdc9d9-ddb5-4fa4-a97d-d965ccfc6d4b" outcome="Passed" testListId="8c84fa94-04c1-424b-9868-57a2d4851a1d" relativeResultsDirectory="3e198cc4-1e8f-41a8-a267-6419ba75ebbf">
    </UnitTestResult>
  </Results>
</TestRun>