<?xml version="1.0" encoding="UTF-8"?>
<TestRun id="8e5129d9-9af5-4c38-be96-f464896703c1" name="chen@CHEN-PC 2012-06-03 10:11:33" runUser="chen-PC\chen" xmlns="http://microsoft.com/schemas/VisualStudio/TeamTest/2010">
  <TestSettings name="本地" id="5213b215-985d-4947-814a-2d78c79e8260">
    <Description>这些设置为本地测试运行的默认测试设置。</Description>
    <Deployment enabled="false" runDeploymentRoot="chen_CHEN-PC 2012-06-03 10_11_33">
      <DeploymentItem filename="F:\C#编程\TeachingSystem\shareLibs\log4net.dll" />
      <DeploymentItem filename="F:\C#编程\TeachingSystem\TeachingSystem.Data\shareLibs\NHibernate.dll" />
      <DeploymentItem filename="F:\C#编程\TeachingSystem\shareLibs\Castle.Core.dll" />
      <DeploymentItem filename="F:\C#编程\TeachingSystem\TeachingSystem.Data\bin\Debug\teachingSystemData.dll" />
      <DeploymentItem filename="F:\C#编程\TeachingSystem\TeachingSystem.Domain\bin\Debug\TeachingSystem.Domain.dll" />
      <DeploymentItem filename="F:\C#编程\TeachingSystem\shareLibs\antlr.runtime.dll" />
      <DeploymentItem filename="F:\C#编程\TeachingSystem\shareLibs\Iesi.Collections.dll" />
      <DeploymentItem filename="F:\C#编程\TeachingSystem\TeachingSystem.Data\shareLibs\NHibernate.ByteCode.Castle.dll" />
    </Deployment>
    <Execution>
      <TestTypeSpecific />
      <AgentRule name="Execution Agents">
      </AgentRule>
    </Execution>
  </TestSettings>
  <Times creation="2012-06-03T10:11:33.8891017+08:00" queuing="2012-06-03T10:11:34.0251095+08:00" start="2012-06-03T10:11:34.0431105+08:00" finish="2012-06-03T10:11:36.1192293+08:00" />
  <ResultSummary outcome="Failed">
    <Counters total="1" executed="1" error="0" failed="1" timeout="0" aborted="0" inconclusive="0" passedButRunAborted="0" notRunnable="0" notExecuted="0" disconnected="0" warning="0" passed="0" completed="0" inProgress="0" pending="0" />
  </ResultSummary>
  <TestDefinitions>
    <UnitTest name="ConnectToTime" storage="f:\c#编程\teachingsystem\teachingsystem.data.test\bin\debug\teachingsystem.data.test.dll" id="d12408a5-009a-0883-cff6-e73f9fc2300a">
      <Execution id="84328c4c-cb13-4e5b-8f3e-c25b2a1a1734" />
      <TestMethod codeBase="F:/C#编程/TeachingSystem/TeachingSystem.Data.Test/bin/Debug/TeachingSystem.Data.Test.DLL" adapterTypeName="Microsoft.VisualStudio.TestTools.TestTypes.Unit.UnitTestAdapter, Microsoft.VisualStudio.QualityTools.Tips.UnitTest.Adapter, Version=10.0.0.0, Culture=neutral, PublicKeyToken=b03f5f7f11d50a3a" className="TeachingSystem.Data.Test.UserDataTest, TeachingSystem.Data.Test, Version=1.0.0.0, Culture=neutral, PublicKeyToken=null" name="ConnectToTime" />
    </UnitTest>
  </TestDefinitions>
  <TestLists>
    <TestList name="列表中未列出的结果" id="8c84fa94-04c1-424b-9868-57a2d4851a1d" />
    <TestList name="所有已加载的结果" id="19431567-8539-422a-85d7-44ee4e166bda" />
  </TestLists>
  <TestEntries>
    <TestEntry testId="d12408a5-009a-0883-cff6-e73f9fc2300a" executionId="84328c4c-cb13-4e5b-8f3e-c25b2a1a1734" testListId="8c84fa94-04c1-424b-9868-57a2d4851a1d" />
  </TestEntries>
  <Results>
    <UnitTestResult executionId="84328c4c-cb13-4e5b-8f3e-c25b2a1a1734" testId="d12408a5-009a-0883-cff6-e73f9fc2300a" testName="ConnectToTime" computerName="CHEN-PC" duration="00:00:01.7072917" startTime="2012-06-03T10:11:34.0451106+08:00" endTime="2012-06-03T10:11:36.0562257+08:00" testType="13cdc9d9-ddb5-4fa4-a97d-d965ccfc6d4b" outcome="Failed" testListId="8c84fa94-04c1-424b-9868-57a2d4851a1d" relativeResultsDirectory="84328c4c-cb13-4e5b-8f3e-c25b2a1a1734">
      <Output>
        <ErrorInfo>
          <Message>测试方法 TeachingSystem.Data.Test.UserDataTest.ConnectToTime 引发了异常: 
NHibernate.HibernateException: Ambiguous persister for System.Object implemented by more than one hierarchy: 
TeachingSystem.Domain.Entities.UserData
TeachingSystem.Domain.Entities.Course
TeachingSystem.Domain.Entities.Time
TeachingSystem.Domain.Entities.CompleteCourse
</Message>
          <StackTrace>    在 NHibernate.Event.Default.DefaultLoadEventListener.GetEntityPersister(ISessionFactoryImplementor factory, String entityName)
   在 NHibernate.Event.Default.DefaultLoadEventListener.OnLoad(LoadEvent event, LoadType loadType)
   在 NHibernate.Impl.SessionImpl.FireLoad(LoadEvent event, LoadType loadType)
   在 NHibernate.Impl.SessionImpl.Get(String entityName, Object id)
   在 NHibernate.Impl.SessionImpl.Get(Type entityClass, Object id)
   在 NHibernate.Impl.SessionImpl.Get[T](Object id)
   在 TeachingSystem.Data.NHibernateData.GetDataByKey(String key) 位置 F:\C#编程\TeachingSystem\TeachingSystem.Data\NHibernateData.cs:行号 23
   在 TeachingSystem.Data.Test.UserDataTest.ConnectToTime() 位置 F:\C#编程\TeachingSystem\TeachingSystem.Data.Test\UserDataTest.cs:行号 96
</StackTrace>
        </ErrorInfo>
      </Output>
    </UnitTestResult>
  </Results>
</TestRun>