<?xml version="1.0" encoding="UTF-8"?>
<TestRun id="d715f3f9-3d80-4584-b139-27e745c4154c" name="chen@CHEN-PC 2012-06-03 16:01:29" runUser="chen-PC\chen" xmlns="http://microsoft.com/schemas/VisualStudio/TeamTest/2010">
  <TestSettings name="本地" id="5213b215-985d-4947-814a-2d78c79e8260">
    <Description>这些设置为本地测试运行的默认测试设置。</Description>
    <Deployment enabled="false" runDeploymentRoot="chen_CHEN-PC 2012-06-03 16_01_29">
      <DeploymentItem filename="F:\C#编程\TeachingSystem\shareLibs\log4net.dll" />
      <DeploymentItem filename="F:\C#编程\TeachingSystem\TeachingSystem.Data\shareLibs\NHibernate.dll" />
      <DeploymentItem filename="F:\C#编程\TeachingSystem\shareLibs\Castle.Core.dll" />
      <DeploymentItem filename="F:\C#编程\TeachingSystem\TeachingSystem.Data\bin\Debug\teachingSystemData.dll" />
      <DeploymentItem filename="F:\C#编程\TeachingSystem\TeachingSystem.Domain\bin\Debug\TeachingSystem.Domain.dll" />
      <DeploymentItem filename="F:\C#编程\TeachingSystem\shareLibs\antlr.runtime.dll" />
      <DeploymentItem filename="F:\C#编程\TeachingSystem\shareLibs\Iesi.Collections.dll" />
      <DeploymentItem filename="F:\C#编程\TeachingSystem\TeachingSystem.Data\shareLibs\NHibernate.ByteCode.Castle.dll" />
    </Deployment>
    <Execution>
      <TestTypeSpecific />
      <AgentRule name="Execution Agents">
      </AgentRule>
    </Execution>
  </TestSettings>
  <Times creation="2012-06-03T16:01:29.5779862+08:00" queuing="2012-06-03T16:01:29.6019876+08:00" start="2012-06-03T16:01:29.6449900+08:00" finish="2012-06-03T16:01:31.6061022+08:00" />
  <ResultSummary outcome="Failed">
    <Counters total="4" executed="4" passed="2" error="0" failed="2" timeout="0" aborted="0" inconclusive="0" passedButRunAborted="0" notRunnable="0" notExecuted="0" disconnected="0" warning="0" completed="0" inProgress="0" pending="0" />
  </ResultSummary>
  <TestDefinitions>
    <UnitTest name="ConnectToCourseTest" storage="f:\c#编程\teachingsystem\teachingsystem.data.test\bin\debug\teachingsystem.data.test.dll" id="b1a666e1-f67d-c091-a983-609cdd978271">
      <Execution id="9de2f905-b41b-487d-9eaf-b54ab01380a7" />
      <TestMethod codeBase="F:/C#编程/TeachingSystem/TeachingSystem.Data.Test/bin/Debug/TeachingSystem.Data.Test.DLL" adapterTypeName="Microsoft.VisualStudio.TestTools.TestTypes.Unit.UnitTestAdapter, Microsoft.VisualStudio.QualityTools.Tips.UnitTest.Adapter, Version=10.0.0.0, Culture=neutral, PublicKeyToken=b03f5f7f11d50a3a" className="TeachingSystem.Data.Test.UserDataTest, TeachingSystem.Data.Test, Version=1.0.0.0, Culture=neutral, PublicKeyToken=null" name="ConnectToCourseTest" />
    </UnitTest>
    <UnitTest name="ConnectToTime" storage="f:\c#编程\teachingsystem\teachingsystem.data.test\bin\debug\teachingsystem.data.test.dll" id="d12408a5-009a-0883-cff6-e73f9fc2300a">
      <Execution id="7d408256-635d-4c2a-8023-65269dcdd406" />
      <TestMethod codeBase="F:/C#编程/TeachingSystem/TeachingSystem.Data.Test/bin/Debug/TeachingSystem.Data.Test.DLL" adapterTypeName="Microsoft.VisualStudio.TestTools.TestTypes.Unit.UnitTestAdapter, Microsoft.VisualStudio.QualityTools.Tips.UnitTest.Adapter, Version=10.0.0.0, Culture=neutral, PublicKeyToken=b03f5f7f11d50a3a" className="TeachingSystem.Data.Test.UserDataTest, TeachingSystem.Data.Test, Version=1.0.0.0, Culture=neutral, PublicKeyToken=null" name="ConnectToTime" />
    </UnitTest>
    <UnitTest name="dataBaseConnectTest" storage="f:\c#编程\teachingsystem\teachingsystem.data.test\bin\debug\teachingsystem.data.test.dll" id="610c62ce-2622-16d3-2b0f-c7e338df05d4">
      <Execution id="cf2e1f17-54e7-4340-9649-668513f559b7" />
      <TestMethod codeBase="F:/C#编程/TeachingSystem/TeachingSystem.Data.Test/bin/Debug/TeachingSystem.Data.Test.DLL" adapterTypeName="Microsoft.VisualStudio.TestTools.TestTypes.Unit.UnitTestAdapter, Microsoft.VisualStudio.QualityTools.Tips.UnitTest.Adapter, Version=10.0.0.0, Culture=neutral, PublicKeyToken=b03f5f7f11d50a3a" className="TeachingSystem.Data.Test.UserDataTest, TeachingSystem.Data.Test, Version=1.0.0.0, Culture=neutral, PublicKeyToken=null" name="dataBaseConnectTest" />
    </UnitTest>
    <UnitTest name="ConnectToCompleteCourse" storage="f:\c#编程\teachingsystem\teachingsystem.data.test\bin\debug\teachingsystem.data.test.dll" id="3edede1e-bfa1-d746-b05d-1ff18667edaf">
      <Execution id="e24618e9-b559-4246-85a5-357aeed59cf3" />
      <TestMethod codeBase="F:/C#编程/TeachingSystem/TeachingSystem.Data.Test/bin/Debug/TeachingSystem.Data.Test.DLL" adapterTypeName="Microsoft.VisualStudio.TestTools.TestTypes.Unit.UnitTestAdapter, Microsoft.VisualStudio.QualityTools.Tips.UnitTest.Adapter, Version=10.0.0.0, Culture=neutral, PublicKeyToken=b03f5f7f11d50a3a" className="TeachingSystem.Data.Test.UserDataTest, TeachingSystem.Data.Test, Version=1.0.0.0, Culture=neutral, PublicKeyToken=null" name="ConnectToCompleteCourse" />
    </UnitTest>
  </TestDefinitions>
  <TestLists>
    <TestList name="列表中未列出的结果" id="8c84fa94-04c1-424b-9868-57a2d4851a1d" />
    <TestList name="所有已加载的结果" id="19431567-8539-422a-85d7-44ee4e166bda" />
  </TestLists>
  <TestEntries>
    <TestEntry testId="3edede1e-bfa1-d746-b05d-1ff18667edaf" executionId="e24618e9-b559-4246-85a5-357aeed59cf3" testListId="8c84fa94-04c1-424b-9868-57a2d4851a1d" />
    <TestEntry testId="610c62ce-2622-16d3-2b0f-c7e338df05d4" executionId="cf2e1f17-54e7-4340-9649-668513f559b7" testListId="8c84fa94-04c1-424b-9868-57a2d4851a1d" />
    <TestEntry testId="b1a666e1-f67d-c091-a983-609cdd978271" executionId="9de2f905-b41b-487d-9eaf-b54ab01380a7" testListId="8c84fa94-04c1-424b-9868-57a2d4851a1d" />
    <TestEntry testId="d12408a5-009a-0883-cff6-e73f9fc2300a" executionId="7d408256-635d-4c2a-8023-65269dcdd406" testListId="8c84fa94-04c1-424b-9868-57a2d4851a1d" />
  </TestEntries>
  <Results>
    <UnitTestResult executionId="e24618e9-b559-4246-85a5-357aeed59cf3" testId="3edede1e-bfa1-d746-b05d-1ff18667edaf" testName="ConnectToCompleteCourse" computerName="CHEN-PC" duration="00:00:01.4089162" startTime="2012-06-03T16:01:29.6569907+08:00" endTime="2012-06-03T16:01:31.3140855+08:00" testType="13cdc9d9-ddb5-4fa4-a97d-d965ccfc6d4b" outcome="Failed" testListId="8c84fa94-04c1-424b-9868-57a2d4851a1d" relativeResultsDirectory="e24618e9-b559-4246-85a5-357aeed59cf3">
      <Output>
        <ErrorInfo>
          <Message>测试方法 TeachingSystem.Data.Test.UserDataTest.ConnectToCompleteCourse 引发了异常: 
NHibernate.TypeMismatchException: Provided id of the wrong type. Expected: System.Int32, got System.String</Message>
          <StackTrace>    在 NHibernate.Event.Default.DefaultLoadEventListener.OnLoad(LoadEvent event, LoadType loadType)
   在 NHibernate.Impl.SessionImpl.FireLoad(LoadEvent event, LoadType loadType)
   在 NHibernate.Impl.SessionImpl.Get(String entityName, Object id)
   在 NHibernate.Impl.SessionImpl.Get(Type entityClass, Object id)
   在 NHibernate.Impl.SessionImpl.Get[T](Object id)
   在 TeachingSystem.Data.NHibernateData.GetCompleteCourseDataByNum(String number) 位置 F:\C#编程\TeachingSystem\TeachingSystem.Data\NHibernateData.cs:行号 27
   在 TeachingSystem.Data.Test.UserDataTest.ConnectToCompleteCourse() 位置 F:\C#编程\TeachingSystem\TeachingSystem.Data.Test\UserDataTest.cs:行号 96
</StackTrace>
        </ErrorInfo>
      </Output>
    </UnitTestResult>
    <UnitTestResult executionId="cf2e1f17-54e7-4340-9649-668513f559b7" testId="610c62ce-2622-16d3-2b0f-c7e338df05d4" testName="dataBaseConnectTest" computerName="CHEN-PC" duration="00:00:00.1548829" startTime="2012-06-03T16:01:31.3170856+08:00" endTime="2012-06-03T16:01:31.4850953+08:00" testType="13cdc9d9-ddb5-4fa4-a97d-d965ccfc6d4b" outcome="Passed" testListId="8c84fa94-04c1-424b-9868-57a2d4851a1d" relativeResultsDirectory="cf2e1f17-54e7-4340-9649-668513f559b7">
    </UnitTestResult>
    <UnitTestResult executionId="9de2f905-b41b-487d-9eaf-b54ab01380a7" testId="b1a666e1-f67d-c091-a983-609cdd978271" testName="ConnectToCourseTest" computerName="CHEN-PC" duration="00:00:00.0201355" startTime="2012-06-03T16:01:31.4880954+08:00" endTime="2012-06-03T16:01:31.5150970+08:00" testType="13cdc9d9-ddb5-4fa4-a97d-d965ccfc6d4b" outcome="Passed" testListId="8c84fa94-04c1-424b-9868-57a2d4851a1d" relativeResultsDirectory="9de2f905-b41b-487d-9eaf-b54ab01380a7">
    </UnitTestResult>
    <UnitTestResult executionId="7d408256-635d-4c2a-8023-65269dcdd406" testId="d12408a5-009a-0883-cff6-e73f9fc2300a" testName="ConnectToTime" computerName="CHEN-PC" duration="00:00:00.0180149" startTime="2012-06-03T16:01:31.5170971+08:00" endTime="2012-06-03T16:01:31.5410985+08:00" testType="13cdc9d9-ddb5-4fa4-a97d-d965ccfc6d4b" outcome="Failed" testListId="8c84fa94-04c1-424b-9868-57a2d4851a1d" relativeResultsDirectory="7d408256-635d-4c2a-8023-65269dcdd406">
      <Output>
        <ErrorInfo>
          <Message>测试方法 TeachingSystem.Data.Test.UserDataTest.ConnectToTime 引发了异常: 
NHibernate.HibernateException: Ambiguous persister for System.Object implemented by more than one hierarchy: 
TeachingSystem.Domain.Entities.UserData
TeachingSystem.Domain.Entities.Course
TeachingSystem.Domain.Entities.Time
TeachingSystem.Domain.Entities.CompleteCourse
</Message>
          <StackTrace>    在 NHibernate.Event.Default.DefaultLoadEventListener.GetEntityPersister(ISessionFactoryImplementor factory, String entityName)
   在 NHibernate.Event.Default.DefaultLoadEventListener.OnLoad(LoadEvent event, LoadType loadType)
   在 NHibernate.Impl.SessionImpl.FireLoad(LoadEvent event, LoadType loadType)
   在 NHibernate.Impl.SessionImpl.Get(String entityName, Object id)
   在 NHibernate.Impl.SessionImpl.Get(Type entityClass, Object id)
   在 NHibernate.Impl.SessionImpl.Get[T](Object id)
   在 TeachingSystem.Data.NHibernateData.GetDataByKey(String key) 位置 F:\C#编程\TeachingSystem\TeachingSystem.Data\NHibernateData.cs:行号 23
   在 TeachingSystem.Data.Test.UserDataTest.ConnectToTime() 位置 F:\C#编程\TeachingSystem\TeachingSystem.Data.Test\UserDataTest.cs:行号 109
</StackTrace>
        </ErrorInfo>
      </Output>
    </UnitTestResult>
  </Results>
</TestRun>