<?xml version="1.0" encoding="UTF-8"?>
<TestRun id="58ffdbfa-ec4e-413e-bc28-ab130aa65d62" name="chen@CHEN-PC 2012-06-03 10:05:10" runUser="chen-PC\chen" xmlns="http://microsoft.com/schemas/VisualStudio/TeamTest/2010">
  <TestSettings name="本地" id="5213b215-985d-4947-814a-2d78c79e8260">
    <Description>这些设置为本地测试运行的默认测试设置。</Description>
    <Deployment enabled="false" runDeploymentRoot="chen_CHEN-PC 2012-06-03 10_05_10">
      <DeploymentItem filename="F:\C#编程\TeachingSystem\shareLibs\log4net.dll" />
      <DeploymentItem filename="F:\C#编程\TeachingSystem\TeachingSystem.Data\shareLibs\NHibernate.dll" />
      <DeploymentItem filename="F:\C#编程\TeachingSystem\shareLibs\Castle.Core.dll" />
      <DeploymentItem filename="F:\C#编程\TeachingSystem\TeachingSystem.Data\bin\Debug\teachingSystemData.dll" />
      <DeploymentItem filename="F:\C#编程\TeachingSystem\TeachingSystem.Domain\bin\Debug\TeachingSystem.Domain.dll" />
      <DeploymentItem filename="F:\C#编程\TeachingSystem\shareLibs\antlr.runtime.dll" />
      <DeploymentItem filename="F:\C#编程\TeachingSystem\shareLibs\Iesi.Collections.dll" />
      <DeploymentItem filename="F:\C#编程\TeachingSystem\TeachingSystem.Data\shareLibs\NHibernate.ByteCode.Castle.dll" />
    </Deployment>
    <Execution>
      <TestTypeSpecific />
      <AgentRule name="Execution Agents">
      </AgentRule>
    </Execution>
  </TestSettings>
  <Times creation="2012-06-03T10:05:10.6211800+08:00" queuing="2012-06-03T10:05:17.2555595+08:00" start="2012-06-03T10:05:17.5955790+08:00" finish="2012-06-03T10:05:26.1410677+08:00" />
  <ResultSummary outcome="Failed">
    <Counters total="4" executed="4" passed="3" error="0" failed="1" timeout="0" aborted="0" inconclusive="0" passedButRunAborted="0" notRunnable="0" notExecuted="0" disconnected="0" warning="0" completed="0" inProgress="0" pending="0" />
  </ResultSummary>
  <TestDefinitions>
    <UnitTest name="ConnectToCourseTest" storage="f:\c#编程\teachingsystem\teachingsystem.data.test\bin\debug\teachingsystem.data.test.dll" id="b1a666e1-f67d-c091-a983-609cdd978271">
      <Execution id="cfadc864-59af-40bf-ae71-a15d09be32ef" />
      <TestMethod codeBase="F:/C#编程/TeachingSystem/TeachingSystem.Data.Test/bin/Debug/TeachingSystem.Data.Test.DLL" adapterTypeName="Microsoft.VisualStudio.TestTools.TestTypes.Unit.UnitTestAdapter, Microsoft.VisualStudio.QualityTools.Tips.UnitTest.Adapter, Version=10.0.0.0, Culture=neutral, PublicKeyToken=b03f5f7f11d50a3a" className="TeachingSystem.Data.Test.UserDataTest, TeachingSystem.Data.Test, Version=1.0.0.0, Culture=neutral, PublicKeyToken=null" name="ConnectToCourseTest" />
    </UnitTest>
    <UnitTest name="saveDataTest" storage="f:\c#编程\teachingsystem\teachingsystem.data.test\bin\debug\teachingsystem.data.test.dll" id="c18acef9-8141-359f-baa8-41e3acc31a8a">
      <Execution id="22315b8c-ca6c-4cde-a9c2-b2775673970e" />
      <TestMethod codeBase="F:/C#编程/TeachingSystem/TeachingSystem.Data.Test/bin/Debug/TeachingSystem.Data.Test.DLL" adapterTypeName="Microsoft.VisualStudio.TestTools.TestTypes.Unit.UnitTestAdapter, Microsoft.VisualStudio.QualityTools.Tips.UnitTest.Adapter, Version=10.0.0.0, Culture=neutral, PublicKeyToken=b03f5f7f11d50a3a" className="TeachingSystem.Data.Test.UserDataTest, TeachingSystem.Data.Test, Version=1.0.0.0, Culture=neutral, PublicKeyToken=null" name="saveDataTest" />
    </UnitTest>
    <UnitTest name="dataBaseConnectTest" storage="f:\c#编程\teachingsystem\teachingsystem.data.test\bin\debug\teachingsystem.data.test.dll" id="610c62ce-2622-16d3-2b0f-c7e338df05d4">
      <Execution id="4d22b356-1cfd-493e-9158-23150fd0bf42" />
      <TestMethod codeBase="F:/C#编程/TeachingSystem/TeachingSystem.Data.Test/bin/Debug/TeachingSystem.Data.Test.DLL" adapterTypeName="Microsoft.VisualStudio.TestTools.TestTypes.Unit.UnitTestAdapter, Microsoft.VisualStudio.QualityTools.Tips.UnitTest.Adapter, Version=10.0.0.0, Culture=neutral, PublicKeyToken=b03f5f7f11d50a3a" className="TeachingSystem.Data.Test.UserDataTest, TeachingSystem.Data.Test, Version=1.0.0.0, Culture=neutral, PublicKeyToken=null" name="dataBaseConnectTest" />
    </UnitTest>
    <UnitTest name="ConnectToTime" storage="f:\c#编程\teachingsystem\teachingsystem.data.test\bin\debug\teachingsystem.data.test.dll" id="d12408a5-009a-0883-cff6-e73f9fc2300a">
      <Execution id="fb66e6af-b309-4ea4-82e9-ee0708ece21a" />
      <TestMethod codeBase="F:/C#编程/TeachingSystem/TeachingSystem.Data.Test/bin/Debug/TeachingSystem.Data.Test.DLL" adapterTypeName="Microsoft.VisualStudio.TestTools.TestTypes.Unit.UnitTestAdapter, Microsoft.VisualStudio.QualityTools.Tips.UnitTest.Adapter, Version=10.0.0.0, Culture=neutral, PublicKeyToken=b03f5f7f11d50a3a" className="TeachingSystem.Data.Test.UserDataTest, TeachingSystem.Data.Test, Version=1.0.0.0, Culture=neutral, PublicKeyToken=null" name="ConnectToTime" />
    </UnitTest>
  </TestDefinitions>
  <TestLists>
    <TestList name="列表中未列出的结果" id="8c84fa94-04c1-424b-9868-57a2d4851a1d" />
    <TestList name="所有已加载的结果" id="19431567-8539-422a-85d7-44ee4e166bda" />
  </TestLists>
  <TestEntries>
    <TestEntry testId="610c62ce-2622-16d3-2b0f-c7e338df05d4" executionId="4d22b356-1cfd-493e-9158-23150fd0bf42" testListId="8c84fa94-04c1-424b-9868-57a2d4851a1d" />
    <TestEntry testId="b1a666e1-f67d-c091-a983-609cdd978271" executionId="cfadc864-59af-40bf-ae71-a15d09be32ef" testListId="8c84fa94-04c1-424b-9868-57a2d4851a1d" />
    <TestEntry testId="c18acef9-8141-359f-baa8-41e3acc31a8a" executionId="22315b8c-ca6c-4cde-a9c2-b2775673970e" testListId="8c84fa94-04c1-424b-9868-57a2d4851a1d" />
    <TestEntry testId="d12408a5-009a-0883-cff6-e73f9fc2300a" executionId="fb66e6af-b309-4ea4-82e9-ee0708ece21a" testListId="8c84fa94-04c1-424b-9868-57a2d4851a1d" />
  </TestEntries>
  <Results>
    <UnitTestResult executionId="4d22b356-1cfd-493e-9158-23150fd0bf42" testId="610c62ce-2622-16d3-2b0f-c7e338df05d4" testName="dataBaseConnectTest" computerName="CHEN-PC" duration="00:00:06.4970592" startTime="2012-06-03T10:05:17.7895901+08:00" endTime="2012-06-03T10:05:25.7050428+08:00" testType="13cdc9d9-ddb5-4fa4-a97d-d965ccfc6d4b" outcome="Passed" testListId="8c84fa94-04c1-424b-9868-57a2d4851a1d" relativeResultsDirectory="4d22b356-1cfd-493e-9158-23150fd0bf42">
    </UnitTestResult>
    <UnitTestResult executionId="cfadc864-59af-40bf-ae71-a15d09be32ef" testId="b1a666e1-f67d-c091-a983-609cdd978271" testName="ConnectToCourseTest" computerName="CHEN-PC" duration="00:00:00.0219618" startTime="2012-06-03T10:05:25.7120432+08:00" endTime="2012-06-03T10:05:25.7480452+08:00" testType="13cdc9d9-ddb5-4fa4-a97d-d965ccfc6d4b" outcome="Passed" testListId="8c84fa94-04c1-424b-9868-57a2d4851a1d" relativeResultsDirectory="cfadc864-59af-40bf-ae71-a15d09be32ef">
    </UnitTestResult>
    <UnitTestResult executionId="22315b8c-ca6c-4cde-a9c2-b2775673970e" testId="c18acef9-8141-359f-baa8-41e3acc31a8a" testName="saveDataTest" computerName="CHEN-PC" duration="00:00:00.1084903" startTime="2012-06-03T10:05:25.7500454+08:00" endTime="2012-06-03T10:05:25.8690522+08:00" testType="13cdc9d9-ddb5-4fa4-a97d-d965ccfc6d4b" outcome="Passed" testListId="8c84fa94-04c1-424b-9868-57a2d4851a1d" relativeResultsDirectory="22315b8c-ca6c-4cde-a9c2-b2775673970e">
    </UnitTestResult>
    <UnitTestResult executionId="fb66e6af-b309-4ea4-82e9-ee0708ece21a" testId="d12408a5-009a-0883-cff6-e73f9fc2300a" testName="ConnectToTime" computerName="CHEN-PC" duration="00:00:00.1614160" startTime="2012-06-03T10:05:25.8710523+08:00" endTime="2012-06-03T10:05:26.0450622+08:00" testType="13cdc9d9-ddb5-4fa4-a97d-d965ccfc6d4b" outcome="Failed" testListId="8c84fa94-04c1-424b-9868-57a2d4851a1d" relativeResultsDirectory="fb66e6af-b309-4ea4-82e9-ee0708ece21a">
      <Output>
        <ErrorInfo>
          <Message>测试方法 TeachingSystem.Data.Test.UserDataTest.ConnectToTime 引发了异常: 
NHibernate.HibernateException: Ambiguous persister for System.Object implemented by more than one hierarchy: 
TeachingSystem.Domain.Entities.UserData
TeachingSystem.Domain.Entities.Course
TeachingSystem.Domain.Entities.Time
TeachingSystem.Domain.Entities.CompleteCourse
</Message>
          <StackTrace>    在 NHibernate.Event.Default.DefaultLoadEventListener.GetEntityPersister(ISessionFactoryImplementor factory, String entityName)
   在 NHibernate.Event.Default.DefaultLoadEventListener.OnLoad(LoadEvent event, LoadType loadType)
   在 NHibernate.Impl.SessionImpl.FireLoad(LoadEvent event, LoadType loadType)
   在 NHibernate.Impl.SessionImpl.Get(String entityName, Object id)
   在 NHibernate.Impl.SessionImpl.Get(Type entityClass, Object id)
   在 NHibernate.Impl.SessionImpl.Get[T](Object id)
   在 TeachingSystem.Data.NHibernateData.GetDataByKey(String key) 位置 F:\C#编程\TeachingSystem\TeachingSystem.Data\NHibernateData.cs:行号 23
   在 TeachingSystem.Data.Test.UserDataTest.ConnectToTime() 位置 F:\C#编程\TeachingSystem\TeachingSystem.Data.Test\UserDataTest.cs:行号 96
</StackTrace>
        </ErrorInfo>
      </Output>
    </UnitTestResult>
  </Results>
</TestRun>